<?xml version="1.0" encoding="UTF-8"?>
<testng-results ignored="0" total="1" passed="1" failed="0" skipped="0">
  <reporter-output>
  </reporter-output>
  <suite started-at="2023-08-16T17:21:04 IST" name="Testing MProoV App" finished-at="2023-08-16T17:21:29 IST" duration-ms="24601">
    <groups>
    </groups>
    <test started-at="2023-08-16T17:21:04 IST" name="Regression" finished-at="2023-08-16T17:21:29 IST" duration-ms="24601">
      <class name="testCases.TestCases">
        <test-method is-config="true" signature="setUp(java.lang.String)[pri:0, instance:testCases.TestCases@6293abcc]" started-at="2023-08-16T17:21:04 IST" name="setUp" finished-at="2023-08-16T17:21:14 IST" duration-ms="9928" status="PASS">
          <params>
            <param index="0">
              <value>
                <![CDATA[iOS]]>
              </value>
            </param>
          </params>
          <reporter-output>
          </reporter-output>
        </test-method> <!-- setUp -->
        <test-method signature="login()[pri:0, instance:testCases.TestCases@6293abcc]" started-at="2023-08-16T17:21:14 IST" name="login" finished-at="2023-08-16T17:21:29 IST" duration-ms="14646" status="PASS">
          <reporter-output>
          </reporter-output>
        </test-method> <!-- login -->
      </class> <!-- testCases.TestCases -->
    </test> <!-- Regression -->
  </suite> <!-- Testing MProoV App -->
</testng-results>
